2017-07-03 20:16:40.328 [http-nio-8084-exec-3] ERROR o.s.security.web.authentication.UsernamePasswordAuthenticationFilter-An internal error occurred while trying to authenticate the user.
org.springframework.security.authentication.InternalAuthenticationServiceException: null
	at org.springframework.security.authentication.dao.DaoAuthenticationProvider.retrieveUser(DaoAuthenticationProvider.java:126)
	at org.springframework.security.authentication.dao.AbstractUserDetailsAuthenticationProvider.authenticate(AbstractUserDetailsAuthenticationProvider.java:144)
	at org.springframework.security.authentication.ProviderManager.authenticate(ProviderManager.java:174)
	at org.springframework.security.authentication.ProviderManager.authenticate(ProviderManager.java:199)
	at org.springframework.security.web.authentication.UsernamePasswordAuthenticationFilter.attemptAuthentication(UsernamePasswordAuthenticationFilter.java:94)
	at org.springframework.security.web.authentication.AbstractAuthenticationProcessingFilter.doFilter(AbstractAuthenticationProcessingFilter.java:212)
	at org.springframework.security.web.FilterChainProxy$VirtualFilterChain.doFilter(FilterChainProxy.java:331)
	at org.springframework.security.web.authentication.logout.LogoutFilter.doFilter(LogoutFilter.java:116)
	at org.springframework.security.web.FilterChainProxy$VirtualFilterChain.doFilter(FilterChainProxy.java:331)
	at org.springframework.security.web.header.HeaderWriterFilter.doFilterInternal(HeaderWriterFilter.java:64)
	at org.springframework.web.filter.OncePerRequestFilter.doFilter(OncePerRequestFilter.java:107)
	at org.springframework.security.web.FilterChainProxy$VirtualFilterChain.doFilter(FilterChainProxy.java:331)
	at org.springframework.security.web.context.SecurityContextPersistenceFilter.doFilter(SecurityContextPersistenceFilter.java:105)
	at org.springframework.security.web.FilterChainProxy$VirtualFilterChain.doFilter(FilterChainProxy.java:331)
	at org.springframework.security.web.context.request.async.WebAsyncManagerIntegrationFilter.doFilterInternal(WebAsyncManagerIntegrationFilter.java:56)
	at org.springframework.web.filter.OncePerRequestFilter.doFilter(OncePerRequestFilter.java:107)
	at org.springframework.security.web.FilterChainProxy$VirtualFilterChain.doFilter(FilterChainProxy.java:331)
	at org.springframework.security.web.FilterChainProxy.doFilterInternal(FilterChainProxy.java:214)
	at org.springframework.security.web.FilterChainProxy.doFilter(FilterChainProxy.java:177)
	at org.springframework.web.filter.DelegatingFilterProxy.invokeDelegate(DelegatingFilterProxy.java:346)
	at org.springframework.web.filter.DelegatingFilterProxy.doFilter(DelegatingFilterProxy.java:262)
	at org.apache.catalina.core.ApplicationFilterChain.internalDoFilter(ApplicationFilterChain.java:192)
	at org.apache.catalina.core.ApplicationFilterChain.doFilter(ApplicationFilterChain.java:165)
	at org.springframework.web.filter.CharacterEncodingFilter.doFilterInternal(CharacterEncodingFilter.java:197)
	at org.springframework.web.filter.OncePerRequestFilter.doFilter(OncePerRequestFilter.java:107)
	at org.apache.catalina.core.ApplicationFilterChain.internalDoFilter(ApplicationFilterChain.java:192)
	at org.apache.catalina.core.ApplicationFilterChain.doFilter(ApplicationFilterChain.java:165)
	at org.apache.catalina.core.StandardWrapperValve.invoke(StandardWrapperValve.java:198)
	at org.apache.catalina.core.StandardContextValve.invoke(StandardContextValve.java:96)
	at org.apache.catalina.authenticator.AuthenticatorBase.invoke(AuthenticatorBase.java:474)
	at org.apache.catalina.core.StandardHostValve.invoke(StandardHostValve.java:140)
	at org.apache.catalina.valves.ErrorReportValve.invoke(ErrorReportValve.java:79)
	at org.apache.catalina.core.StandardEngineValve.invoke(StandardEngineValve.java:87)
	at org.apache.catalina.connector.CoyoteAdapter.service(CoyoteAdapter.java:349)
	at org.apache.coyote.http11.Http11Processor.service(Http11Processor.java:783)
	at org.apache.coyote.AbstractProcessorLight.process(AbstractProcessorLight.java:66)
	at org.apache.coyote.AbstractProtocol$ConnectionHandler.process(AbstractProtocol.java:798)
	at org.apache.tomcat.util.net.NioEndpoint$SocketProcessor.doRun(NioEndpoint.java:1434)
	at org.apache.tomcat.util.net.SocketProcessorBase.run(SocketProcessorBase.java:49)
	at java.util.concurrent.ThreadPoolExecutor.runWorker(ThreadPoolExecutor.java:1142)
	at java.util.concurrent.ThreadPoolExecutor$Worker.run(ThreadPoolExecutor.java:617)
	at org.apache.tomcat.util.threads.TaskThread$WrappingRunnable.run(TaskThread.java:61)
	at java.lang.Thread.run(Thread.java:745)
Caused by: java.lang.NullPointerException: null
	at com.jfinal.plugin.activerecord.Model.find(Model.java:581)
	at com.jfinal.plugin.activerecord.Model.findFirst(Model.java:608)
	at com.haihao.model.security.UserModel.getByLoginName(UserModel.java:17)
	at com.haihao.service.UserDetailsServiceImpl.loadUserByUsername(UserDetailsServiceImpl.java:32)
	at org.springframework.security.authentication.dao.DaoAuthenticationProvider.retrieveUser(DaoAuthenticationProvider.java:114)
	... 42 common frames omitted
2017-07-03 20:20:25.833 [http-nio-8084-exec-3] ERROR o.s.security.web.authentication.UsernamePasswordAuthenticationFilter-An internal error occurred while trying to authenticate the user.
org.springframework.security.authentication.InternalAuthenticationServiceException: null
	at org.springframework.security.authentication.dao.DaoAuthenticationProvider.retrieveUser(DaoAuthenticationProvider.java:126)
	at org.springframework.security.authentication.dao.AbstractUserDetailsAuthenticationProvider.authenticate(AbstractUserDetailsAuthenticationProvider.java:144)
	at org.springframework.security.authentication.ProviderManager.authenticate(ProviderManager.java:174)
	at org.springframework.security.authentication.ProviderManager.authenticate(ProviderManager.java:199)
	at org.springframework.security.web.authentication.UsernamePasswordAuthenticationFilter.attemptAuthentication(UsernamePasswordAuthenticationFilter.java:94)
	at org.springframework.security.web.authentication.AbstractAuthenticationProcessingFilter.doFilter(AbstractAuthenticationProcessingFilter.java:212)
	at org.springframework.security.web.FilterChainProxy$VirtualFilterChain.doFilter(FilterChainProxy.java:331)
	at org.springframework.security.web.authentication.logout.LogoutFilter.doFilter(LogoutFilter.java:116)
	at org.springframework.security.web.FilterChainProxy$VirtualFilterChain.doFilter(FilterChainProxy.java:331)
	at org.springframework.security.web.header.HeaderWriterFilter.doFilterInternal(HeaderWriterFilter.java:64)
	at org.springframework.web.filter.OncePerRequestFilter.doFilter(OncePerRequestFilter.java:107)
	at org.springframework.security.web.FilterChainProxy$VirtualFilterChain.doFilter(FilterChainProxy.java:331)
	at org.springframework.security.web.context.SecurityContextPersistenceFilter.doFilter(SecurityContextPersistenceFilter.java:105)
	at org.springframework.security.web.FilterChainProxy$VirtualFilterChain.doFilter(FilterChainProxy.java:331)
	at org.springframework.security.web.context.request.async.WebAsyncManagerIntegrationFilter.doFilterInternal(WebAsyncManagerIntegrationFilter.java:56)
	at org.springframework.web.filter.OncePerRequestFilter.doFilter(OncePerRequestFilter.java:107)
	at org.springframework.security.web.FilterChainProxy$VirtualFilterChain.doFilter(FilterChainProxy.java:331)
	at org.springframework.security.web.FilterChainProxy.doFilterInternal(FilterChainProxy.java:214)
	at org.springframework.security.web.FilterChainProxy.doFilter(FilterChainProxy.java:177)
	at org.springframework.web.filter.DelegatingFilterProxy.invokeDelegate(DelegatingFilterProxy.java:346)
	at org.springframework.web.filter.DelegatingFilterProxy.doFilter(DelegatingFilterProxy.java:262)
	at org.apache.catalina.core.ApplicationFilterChain.internalDoFilter(ApplicationFilterChain.java:192)
	at org.apache.catalina.core.ApplicationFilterChain.doFilter(ApplicationFilterChain.java:165)
	at org.springframework.web.filter.CharacterEncodingFilter.doFilterInternal(CharacterEncodingFilter.java:197)
	at org.springframework.web.filter.OncePerRequestFilter.doFilter(OncePerRequestFilter.java:107)
	at org.apache.catalina.core.ApplicationFilterChain.internalDoFilter(ApplicationFilterChain.java:192)
	at org.apache.catalina.core.ApplicationFilterChain.doFilter(ApplicationFilterChain.java:165)
	at org.apache.catalina.core.StandardWrapperValve.invoke(StandardWrapperValve.java:198)
	at org.apache.catalina.core.StandardContextValve.invoke(StandardContextValve.java:96)
	at org.apache.catalina.authenticator.AuthenticatorBase.invoke(AuthenticatorBase.java:474)
	at org.apache.catalina.core.StandardHostValve.invoke(StandardHostValve.java:140)
	at org.apache.catalina.valves.ErrorReportValve.invoke(ErrorReportValve.java:79)
	at org.apache.catalina.core.StandardEngineValve.invoke(StandardEngineValve.java:87)
	at org.apache.catalina.connector.CoyoteAdapter.service(CoyoteAdapter.java:349)
	at org.apache.coyote.http11.Http11Processor.service(Http11Processor.java:783)
	at org.apache.coyote.AbstractProcessorLight.process(AbstractProcessorLight.java:66)
	at org.apache.coyote.AbstractProtocol$ConnectionHandler.process(AbstractProtocol.java:798)
	at org.apache.tomcat.util.net.NioEndpoint$SocketProcessor.doRun(NioEndpoint.java:1434)
	at org.apache.tomcat.util.net.SocketProcessorBase.run(SocketProcessorBase.java:49)
	at java.util.concurrent.ThreadPoolExecutor.runWorker(ThreadPoolExecutor.java:1142)
	at java.util.concurrent.ThreadPoolExecutor$Worker.run(ThreadPoolExecutor.java:617)
	at org.apache.tomcat.util.threads.TaskThread$WrappingRunnable.run(TaskThread.java:61)
	at java.lang.Thread.run(Thread.java:745)
Caused by: java.lang.NullPointerException: null
	at com.jfinal.plugin.activerecord.Model.find(Model.java:581)
	at com.jfinal.plugin.activerecord.Model.findFirst(Model.java:608)
	at com.haihao.model.security.UserModel.getByLoginName(UserModel.java:17)
	at com.haihao.service.UserDetailsServiceImpl.loadUserByUsername(UserDetailsServiceImpl.java:32)
	at org.springframework.security.authentication.dao.DaoAuthenticationProvider.retrieveUser(DaoAuthenticationProvider.java:114)
	... 42 common frames omitted
2017-07-03 20:22:18.140 [main] ERROR org.apache.coyote.http11.Http11NioProtocol-Failed to start end point associated with ProtocolHandler [http-nio-8084]
java.net.BindException: Address already in use: bind
	at sun.nio.ch.Net.bind0(Native Method)
	at sun.nio.ch.Net.bind(Net.java:436)
	at sun.nio.ch.Net.bind(Net.java:428)
	at sun.nio.ch.ServerSocketChannelImpl.bind(ServerSocketChannelImpl.java:214)
	at sun.nio.ch.ServerSocketAdaptor.bind(ServerSocketAdaptor.java:74)
	at org.apache.tomcat.util.net.NioEndpoint.bind(NioEndpoint.java:210)
	at org.apache.tomcat.util.net.AbstractEndpoint.start(AbstractEndpoint.java:980)
	at org.apache.coyote.AbstractProtocol.start(AbstractProtocol.java:573)
	at org.apache.catalina.connector.Connector.startInternal(Connector.java:993)
	at org.apache.catalina.util.LifecycleBase.start(LifecycleBase.java:150)
	at org.apache.catalina.core.StandardService.addConnector(StandardService.java:225)
	at org.springframework.boot.context.embedded.tomcat.TomcatEmbeddedServletContainer.addPreviouslyRemovedConnectors(TomcatEmbeddedServletContainer.java:247)
	at org.springframework.boot.context.embedded.tomcat.TomcatEmbeddedServletContainer.start(TomcatEmbeddedServletContainer.java:190)
	at org.springframework.boot.context.embedded.EmbeddedWebApplicationContext.startEmbeddedServletContainer(EmbeddedWebApplicationContext.java:297)
	at org.springframework.boot.context.embedded.EmbeddedWebApplicationContext.finishRefresh(EmbeddedWebApplicationContext.java:145)
	at org.springframework.context.support.AbstractApplicationContext.refresh(AbstractApplicationContext.java:545)
	at org.springframework.boot.context.embedded.EmbeddedWebApplicationContext.refresh(EmbeddedWebApplicationContext.java:122)
	at org.springframework.boot.SpringApplication.refresh(SpringApplication.java:737)
	at org.springframework.boot.SpringApplication.refreshContext(SpringApplication.java:370)
	at org.springframework.boot.SpringApplication.run(SpringApplication.java:314)
	at com.haihao.StartUpApplication.main(StartUpApplication.java:27)
2017-07-03 20:22:18.140 [main] ERROR org.apache.catalina.core.StandardService-Failed to start connector [Connector[HTTP/1.1-8084]]
org.apache.catalina.LifecycleException: Failed to start component [Connector[HTTP/1.1-8084]]
	at org.apache.catalina.util.LifecycleBase.start(LifecycleBase.java:167)
	at org.apache.catalina.core.StandardService.addConnector(StandardService.java:225)
	at org.springframework.boot.context.embedded.tomcat.TomcatEmbeddedServletContainer.addPreviouslyRemovedConnectors(TomcatEmbeddedServletContainer.java:247)
	at org.springframework.boot.context.embedded.tomcat.TomcatEmbeddedServletContainer.start(TomcatEmbeddedServletContainer.java:190)
	at org.springframework.boot.context.embedded.EmbeddedWebApplicationContext.startEmbeddedServletContainer(EmbeddedWebApplicationContext.java:297)
	at org.springframework.boot.context.embedded.EmbeddedWebApplicationContext.finishRefresh(EmbeddedWebApplicationContext.java:145)
	at org.springframework.context.support.AbstractApplicationContext.refresh(AbstractApplicationContext.java:545)
	at org.springframework.boot.context.embedded.EmbeddedWebApplicationContext.refresh(EmbeddedWebApplicationContext.java:122)
	at org.springframework.boot.SpringApplication.refresh(SpringApplication.java:737)
	at org.springframework.boot.SpringApplication.refreshContext(SpringApplication.java:370)
	at org.springframework.boot.SpringApplication.run(SpringApplication.java:314)
	at com.haihao.StartUpApplication.main(StartUpApplication.java:27)
Caused by: org.apache.catalina.LifecycleException: service.getName(): "Tomcat";  Protocol handler start failed
	at org.apache.catalina.connector.Connector.startInternal(Connector.java:1000)
	at org.apache.catalina.util.LifecycleBase.start(LifecycleBase.java:150)
	... 11 common frames omitted
Caused by: java.net.BindException: Address already in use: bind
	at sun.nio.ch.Net.bind0(Native Method)
	at sun.nio.ch.Net.bind(Net.java:436)
	at sun.nio.ch.Net.bind(Net.java:428)
	at sun.nio.ch.ServerSocketChannelImpl.bind(ServerSocketChannelImpl.java:214)
	at sun.nio.ch.ServerSocketAdaptor.bind(ServerSocketAdaptor.java:74)
	at org.apache.tomcat.util.net.NioEndpoint.bind(NioEndpoint.java:210)
	at org.apache.tomcat.util.net.AbstractEndpoint.start(AbstractEndpoint.java:980)
	at org.apache.coyote.AbstractProtocol.start(AbstractProtocol.java:573)
	at org.apache.catalina.connector.Connector.startInternal(Connector.java:993)
	... 12 common frames omitted
2017-07-03 20:22:18.187 [main] ERROR org.springframework.boot.diagnostics.LoggingFailureAnalysisReporter-

***************************
APPLICATION FAILED TO START
***************************

Description:

The Tomcat connector configured to listen on port 8084 failed to start. The port may already be in use or the connector may be misconfigured.

Action:

Verify the connector's configuration, identify and stop any process that's listening on port 8084, or configure this application to listen on another port.

2017-07-03 20:24:28.002 [http-nio-8084-exec-8] ERROR com.haihao.jfinal.SqlXmlPlugin-sql xml文件common.sql.xml的sql语句重复，sqlId = com.common.params
2017-07-03 20:24:28.002 [http-nio-8084-exec-8] ERROR com.haihao.jfinal.SqlXmlPlugin-sql xml文件common.sql.xml的sql语句重复，sqlId = com.common.search
2017-07-03 20:24:28.002 [http-nio-8084-exec-8] ERROR com.haihao.jfinal.SqlXmlPlugin-sql xml文件common.sql.xml的sql语句重复，sqlId = com.common.searchBySql
2017-07-03 20:24:28.002 [http-nio-8084-exec-8] ERROR com.haihao.jfinal.SqlXmlPlugin-sql xml文件common.sql.xml的sql语句重复，sqlId = com.common.aaaa
2017-07-03 20:24:28.003 [http-nio-8084-exec-8] ERROR com.haihao.jfinal.SqlXmlPlugin-sql xml文件department.sql.xml的sql语句重复，sqlId = com.department.selectAll
2017-07-03 20:24:28.003 [http-nio-8084-exec-8] ERROR com.haihao.jfinal.SqlXmlPlugin-sql xml文件department.sql.xml的sql语句重复，sqlId = com.department.selectHearder
2017-07-03 20:24:28.003 [http-nio-8084-exec-8] ERROR com.haihao.jfinal.SqlXmlPlugin-sql xml文件department.sql.xml的sql语句重复，sqlId = com.department.selectBody
2017-07-03 20:24:28.004 [http-nio-8084-exec-8] ERROR com.haihao.jfinal.SqlXmlPlugin-sql xml文件department.sql.xml的sql语句重复，sqlId = com.department.exist
2017-07-03 20:24:28.004 [http-nio-8084-exec-8] ERROR com.haihao.jfinal.SqlXmlPlugin-sql xml文件department.sql.xml的sql语句重复，sqlId = com.department.getMaxChildCodeByPid
2017-07-03 20:24:28.004 [http-nio-8084-exec-8] ERROR com.haihao.jfinal.SqlXmlPlugin-sql xml文件department.sql.xml的sql语句重复，sqlId = com.department.getSubDepartment
2017-07-03 20:24:28.005 [http-nio-8084-exec-8] ERROR com.haihao.jfinal.SqlXmlPlugin-sql xml文件label.sql.xml的sql语句重复，sqlId = com.label.role
2017-07-03 20:24:28.005 [http-nio-8084-exec-8] ERROR com.haihao.jfinal.SqlXmlPlugin-sql xml文件label.sql.xml的sql语句重复，sqlId = com.label.department
2017-07-03 20:24:28.005 [http-nio-8084-exec-8] ERROR com.haihao.jfinal.SqlXmlPlugin-sql xml文件label.sql.xml的sql语句重复，sqlId = com.label.list
2017-07-03 20:24:28.007 [http-nio-8084-exec-8] ERROR com.haihao.jfinal.SqlXmlPlugin-sql xml文件list.sql.xml的sql语句重复，sqlId = com.list.selectAll
2017-07-03 20:24:28.007 [http-nio-8084-exec-8] ERROR com.haihao.jfinal.SqlXmlPlugin-sql xml文件list.sql.xml的sql语句重复，sqlId = com.list.selectHearder
2017-07-03 20:24:28.007 [http-nio-8084-exec-8] ERROR com.haihao.jfinal.SqlXmlPlugin-sql xml文件list.sql.xml的sql语句重复，sqlId = com.list.selectBody
2017-07-03 20:24:28.009 [http-nio-8084-exec-8] ERROR com.haihao.jfinal.SqlXmlPlugin-sql xml文件opinion.sql.xml的sql语句重复，sqlId = com.opinion.selectHearder
2017-07-03 20:24:28.009 [http-nio-8084-exec-8] ERROR com.haihao.jfinal.SqlXmlPlugin-sql xml文件opinion.sql.xml的sql语句重复，sqlId = com.opinion.selectBody
2017-07-03 20:24:28.009 [http-nio-8084-exec-8] ERROR com.haihao.jfinal.SqlXmlPlugin-sql xml文件opinion.sql.xml的sql语句重复，sqlId = com.opinion.selectBodyByVerify
2017-07-03 20:24:28.009 [http-nio-8084-exec-8] ERROR com.haihao.jfinal.SqlXmlPlugin-sql xml文件opinion.sql.xml的sql语句重复，sqlId = com.opinion.selectBodyByTodo
2017-07-03 20:24:28.009 [http-nio-8084-exec-8] ERROR com.haihao.jfinal.SqlXmlPlugin-sql xml文件opinion.sql.xml的sql语句重复，sqlId = com.opinion.selectFollowByOpinionId
2017-07-03 20:24:28.009 [http-nio-8084-exec-8] ERROR com.haihao.jfinal.SqlXmlPlugin-sql xml文件opinion.sql.xml的sql语句重复，sqlId = com.opinion.selectToDoByOpinionId
2017-07-03 20:24:28.009 [http-nio-8084-exec-8] ERROR com.haihao.jfinal.SqlXmlPlugin-sql xml文件opinion.sql.xml的sql语句重复，sqlId = com.opinion.selectInstructionOpinionId
2017-07-03 20:24:28.009 [http-nio-8084-exec-8] ERROR com.haihao.jfinal.SqlXmlPlugin-sql xml文件opinion.sql.xml的sql语句重复，sqlId = com.opinion.selectBodyByInstruction
2017-07-03 20:24:28.010 [http-nio-8084-exec-8] ERROR com.haihao.jfinal.SqlXmlPlugin-sql xml文件role.sql.xml的sql语句重复，sqlId = com.role.getPrivilegeById
2017-07-03 20:24:28.011 [http-nio-8084-exec-8] ERROR com.haihao.jfinal.SqlXmlPlugin-sql xml文件role.sql.xml的sql语句重复，sqlId = com.role.getAllPrivilege
2017-07-03 20:24:28.011 [http-nio-8084-exec-8] ERROR com.haihao.jfinal.SqlXmlPlugin-sql xml文件role.sql.xml的sql语句重复，sqlId = com.role.getAllPrivilegeMenu
2017-07-03 20:24:28.011 [http-nio-8084-exec-8] ERROR com.haihao.jfinal.SqlXmlPlugin-sql xml文件role.sql.xml的sql语句重复，sqlId = com.role.selectHearder
2017-07-03 20:24:28.011 [http-nio-8084-exec-8] ERROR com.haihao.jfinal.SqlXmlPlugin-sql xml文件role.sql.xml的sql语句重复，sqlId = com.role.selectBody
2017-07-03 20:24:28.012 [http-nio-8084-exec-8] ERROR com.haihao.jfinal.SqlXmlPlugin-sql xml文件user.sql.xml的sql语句重复，sqlId = com.user.getByLoginName
2017-07-03 20:24:28.013 [http-nio-8084-exec-8] ERROR com.haihao.jfinal.SqlXmlPlugin-sql xml文件user.sql.xml的sql语句重复，sqlId = com.user.selectAll
2017-07-03 20:24:28.013 [http-nio-8084-exec-8] ERROR com.haihao.jfinal.SqlXmlPlugin-sql xml文件user.sql.xml的sql语句重复，sqlId = com.user.selectHearder
2017-07-03 20:24:28.013 [http-nio-8084-exec-8] ERROR com.haihao.jfinal.SqlXmlPlugin-sql xml文件user.sql.xml的sql语句重复，sqlId = com.user.selectBody
2017-07-03 20:24:28.013 [http-nio-8084-exec-8] ERROR com.haihao.jfinal.SqlXmlPlugin-sql xml文件user.sql.xml的sql语句重复，sqlId = com.user.exist
2017-07-03 20:24:34.193 [http-nio-8084-exec-10] ERROR com.haihao.jfinal.SqlXmlPlugin-sql xml文件common.sql.xml的sql语句重复，sqlId = com.common.params
2017-07-03 20:24:34.195 [http-nio-8084-exec-10] ERROR com.haihao.jfinal.SqlXmlPlugin-sql xml文件common.sql.xml的sql语句重复，sqlId = com.common.search
2017-07-03 20:24:34.195 [http-nio-8084-exec-10] ERROR com.haihao.jfinal.SqlXmlPlugin-sql xml文件common.sql.xml的sql语句重复，sqlId = com.common.searchBySql
2017-07-03 20:24:34.195 [http-nio-8084-exec-10] ERROR com.haihao.jfinal.SqlXmlPlugin-sql xml文件common.sql.xml的sql语句重复，sqlId = com.common.aaaa
2017-07-03 20:24:34.199 [http-nio-8084-exec-10] ERROR com.haihao.jfinal.SqlXmlPlugin-sql xml文件department.sql.xml的sql语句重复，sqlId = com.department.selectAll
2017-07-03 20:24:34.199 [http-nio-8084-exec-10] ERROR com.haihao.jfinal.SqlXmlPlugin-sql xml文件department.sql.xml的sql语句重复，sqlId = com.department.selectHearder
2017-07-03 20:24:34.199 [http-nio-8084-exec-10] ERROR com.haihao.jfinal.SqlXmlPlugin-sql xml文件department.sql.xml的sql语句重复，sqlId = com.department.selectBody
2017-07-03 20:24:34.200 [http-nio-8084-exec-10] ERROR com.haihao.jfinal.SqlXmlPlugin-sql xml文件department.sql.xml的sql语句重复，sqlId = com.department.exist
2017-07-03 20:24:34.200 [http-nio-8084-exec-10] ERROR com.haihao.jfinal.SqlXmlPlugin-sql xml文件department.sql.xml的sql语句重复，sqlId = com.department.getMaxChildCodeByPid
2017-07-03 20:24:34.200 [http-nio-8084-exec-10] ERROR com.haihao.jfinal.SqlXmlPlugin-sql xml文件department.sql.xml的sql语句重复，sqlId = com.department.getSubDepartment
2017-07-03 20:24:34.202 [http-nio-8084-exec-10] ERROR com.haihao.jfinal.SqlXmlPlugin-sql xml文件label.sql.xml的sql语句重复，sqlId = com.label.role
2017-07-03 20:24:34.202 [http-nio-8084-exec-10] ERROR com.haihao.jfinal.SqlXmlPlugin-sql xml文件label.sql.xml的sql语句重复，sqlId = com.label.department
2017-07-03 20:24:34.203 [http-nio-8084-exec-10] ERROR com.haihao.jfinal.SqlXmlPlugin-sql xml文件label.sql.xml的sql语句重复，sqlId = com.label.list
2017-07-03 20:24:34.204 [http-nio-8084-exec-10] ERROR com.haihao.jfinal.SqlXmlPlugin-sql xml文件list.sql.xml的sql语句重复，sqlId = com.list.selectAll
2017-07-03 20:24:34.205 [http-nio-8084-exec-10] ERROR com.haihao.jfinal.SqlXmlPlugin-sql xml文件list.sql.xml的sql语句重复，sqlId = com.list.selectHearder
2017-07-03 20:24:34.205 [http-nio-8084-exec-10] ERROR com.haihao.jfinal.SqlXmlPlugin-sql xml文件list.sql.xml的sql语句重复，sqlId = com.list.selectBody
2017-07-03 20:24:34.207 [http-nio-8084-exec-10] ERROR com.haihao.jfinal.SqlXmlPlugin-sql xml文件opinion.sql.xml的sql语句重复，sqlId = com.opinion.selectHearder
2017-07-03 20:24:34.207 [http-nio-8084-exec-10] ERROR com.haihao.jfinal.SqlXmlPlugin-sql xml文件opinion.sql.xml的sql语句重复，sqlId = com.opinion.selectBody
2017-07-03 20:24:34.207 [http-nio-8084-exec-10] ERROR com.haihao.jfinal.SqlXmlPlugin-sql xml文件opinion.sql.xml的sql语句重复，sqlId = com.opinion.selectBodyByVerify
2017-07-03 20:24:34.207 [http-nio-8084-exec-10] ERROR com.haihao.jfinal.SqlXmlPlugin-sql xml文件opinion.sql.xml的sql语句重复，sqlId = com.opinion.selectBodyByTodo
2017-07-03 20:24:34.207 [http-nio-8084-exec-10] ERROR com.haihao.jfinal.SqlXmlPlugin-sql xml文件opinion.sql.xml的sql语句重复，sqlId = com.opinion.selectFollowByOpinionId
2017-07-03 20:24:34.207 [http-nio-8084-exec-10] ERROR com.haihao.jfinal.SqlXmlPlugin-sql xml文件opinion.sql.xml的sql语句重复，sqlId = com.opinion.selectToDoByOpinionId
2017-07-03 20:24:34.207 [http-nio-8084-exec-10] ERROR com.haihao.jfinal.SqlXmlPlugin-sql xml文件opinion.sql.xml的sql语句重复，sqlId = com.opinion.selectInstructionOpinionId
2017-07-03 20:24:34.207 [http-nio-8084-exec-10] ERROR com.haihao.jfinal.SqlXmlPlugin-sql xml文件opinion.sql.xml的sql语句重复，sqlId = com.opinion.selectBodyByInstruction
2017-07-03 20:24:34.210 [http-nio-8084-exec-10] ERROR com.haihao.jfinal.SqlXmlPlugin-sql xml文件role.sql.xml的sql语句重复，sqlId = com.role.getPrivilegeById
2017-07-03 20:24:34.210 [http-nio-8084-exec-10] ERROR com.haihao.jfinal.SqlXmlPlugin-sql xml文件role.sql.xml的sql语句重复，sqlId = com.role.getAllPrivilege
2017-07-03 20:24:34.210 [http-nio-8084-exec-10] ERROR com.haihao.jfinal.SqlXmlPlugin-sql xml文件role.sql.xml的sql语句重复，sqlId = com.role.getAllPrivilegeMenu
2017-07-03 20:24:34.210 [http-nio-8084-exec-10] ERROR com.haihao.jfinal.SqlXmlPlugin-sql xml文件role.sql.xml的sql语句重复，sqlId = com.role.selectHearder
2017-07-03 20:24:34.210 [http-nio-8084-exec-10] ERROR com.haihao.jfinal.SqlXmlPlugin-sql xml文件role.sql.xml的sql语句重复，sqlId = com.role.selectBody
2017-07-03 20:24:34.212 [http-nio-8084-exec-10] ERROR com.haihao.jfinal.SqlXmlPlugin-sql xml文件user.sql.xml的sql语句重复，sqlId = com.user.getByLoginName
2017-07-03 20:24:34.212 [http-nio-8084-exec-10] ERROR com.haihao.jfinal.SqlXmlPlugin-sql xml文件user.sql.xml的sql语句重复，sqlId = com.user.selectAll
2017-07-03 20:24:34.212 [http-nio-8084-exec-10] ERROR com.haihao.jfinal.SqlXmlPlugin-sql xml文件user.sql.xml的sql语句重复，sqlId = com.user.selectHearder
2017-07-03 20:24:34.212 [http-nio-8084-exec-10] ERROR com.haihao.jfinal.SqlXmlPlugin-sql xml文件user.sql.xml的sql语句重复，sqlId = com.user.selectBody
2017-07-03 20:24:34.212 [http-nio-8084-exec-10] ERROR com.haihao.jfinal.SqlXmlPlugin-sql xml文件user.sql.xml的sql语句重复，sqlId = com.user.exist
2017-07-03 20:24:56.304 [http-nio-8084-exec-6] ERROR com.haihao.jfinal.SqlXmlPlugin-sql xml文件common.sql.xml的sql语句重复，sqlId = com.common.params
2017-07-03 20:24:56.305 [http-nio-8084-exec-6] ERROR com.haihao.jfinal.SqlXmlPlugin-sql xml文件common.sql.xml的sql语句重复，sqlId = com.common.search
2017-07-03 20:24:56.305 [http-nio-8084-exec-6] ERROR com.haihao.jfinal.SqlXmlPlugin-sql xml文件common.sql.xml的sql语句重复，sqlId = com.common.searchBySql
2017-07-03 20:24:56.305 [http-nio-8084-exec-6] ERROR com.haihao.jfinal.SqlXmlPlugin-sql xml文件common.sql.xml的sql语句重复，sqlId = com.common.aaaa
2017-07-03 20:24:56.308 [http-nio-8084-exec-6] ERROR com.haihao.jfinal.SqlXmlPlugin-sql xml文件department.sql.xml的sql语句重复，sqlId = com.department.selectAll
2017-07-03 20:24:56.308 [http-nio-8084-exec-6] ERROR com.haihao.jfinal.SqlXmlPlugin-sql xml文件department.sql.xml的sql语句重复，sqlId = com.department.selectHearder
2017-07-03 20:24:56.308 [http-nio-8084-exec-6] ERROR com.haihao.jfinal.SqlXmlPlugin-sql xml文件department.sql.xml的sql语句重复，sqlId = com.department.selectBody
2017-07-03 20:24:56.308 [http-nio-8084-exec-6] ERROR com.haihao.jfinal.SqlXmlPlugin-sql xml文件department.sql.xml的sql语句重复，sqlId = com.department.exist
2017-07-03 20:24:56.309 [http-nio-8084-exec-6] ERROR com.haihao.jfinal.SqlXmlPlugin-sql xml文件department.sql.xml的sql语句重复，sqlId = com.department.getMaxChildCodeByPid
2017-07-03 20:24:56.309 [http-nio-8084-exec-6] ERROR com.haihao.jfinal.SqlXmlPlugin-sql xml文件department.sql.xml的sql语句重复，sqlId = com.department.getSubDepartment
2017-07-03 20:24:56.312 [http-nio-8084-exec-6] ERROR com.haihao.jfinal.SqlXmlPlugin-sql xml文件label.sql.xml的sql语句重复，sqlId = com.label.role
2017-07-03 20:24:56.312 [http-nio-8084-exec-6] ERROR com.haihao.jfinal.SqlXmlPlugin-sql xml文件label.sql.xml的sql语句重复，sqlId = com.label.department
2017-07-03 20:24:56.312 [http-nio-8084-exec-6] ERROR com.haihao.jfinal.SqlXmlPlugin-sql xml文件label.sql.xml的sql语句重复，sqlId = com.label.list
2017-07-03 20:24:56.313 [http-nio-8084-exec-6] ERROR com.haihao.jfinal.SqlXmlPlugin-sql xml文件list.sql.xml的sql语句重复，sqlId = com.list.selectAll
2017-07-03 20:24:56.314 [http-nio-8084-exec-6] ERROR com.haihao.jfinal.SqlXmlPlugin-sql xml文件list.sql.xml的sql语句重复，sqlId = com.list.selectHearder
2017-07-03 20:24:56.314 [http-nio-8084-exec-6] ERROR com.haihao.jfinal.SqlXmlPlugin-sql xml文件list.sql.xml的sql语句重复，sqlId = com.list.selectBody
2017-07-03 20:24:56.315 [http-nio-8084-exec-6] ERROR com.haihao.jfinal.SqlXmlPlugin-sql xml文件opinion.sql.xml的sql语句重复，sqlId = com.opinion.selectHearder
2017-07-03 20:24:56.316 [http-nio-8084-exec-6] ERROR com.haihao.jfinal.SqlXmlPlugin-sql xml文件opinion.sql.xml的sql语句重复，sqlId = com.opinion.selectBody
2017-07-03 20:24:56.316 [http-nio-8084-exec-6] ERROR com.haihao.jfinal.SqlXmlPlugin-sql xml文件opinion.sql.xml的sql语句重复，sqlId = com.opinion.selectBodyByVerify
2017-07-03 20:24:56.316 [http-nio-8084-exec-6] ERROR com.haihao.jfinal.SqlXmlPlugin-sql xml文件opinion.sql.xml的sql语句重复，sqlId = com.opinion.selectBodyByTodo
2017-07-03 20:24:56.316 [http-nio-8084-exec-6] ERROR com.haihao.jfinal.SqlXmlPlugin-sql xml文件opinion.sql.xml的sql语句重复，sqlId = com.opinion.selectFollowByOpinionId
2017-07-03 20:24:56.316 [http-nio-8084-exec-6] ERROR com.haihao.jfinal.SqlXmlPlugin-sql xml文件opinion.sql.xml的sql语句重复，sqlId = com.opinion.selectToDoByOpinionId
2017-07-03 20:24:56.316 [http-nio-8084-exec-6] ERROR com.haihao.jfinal.SqlXmlPlugin-sql xml文件opinion.sql.xml的sql语句重复，sqlId = com.opinion.selectInstructionOpinionId
2017-07-03 20:24:56.316 [http-nio-8084-exec-6] ERROR com.haihao.jfinal.SqlXmlPlugin-sql xml文件opinion.sql.xml的sql语句重复，sqlId = com.opinion.selectBodyByInstruction
2017-07-03 20:24:56.318 [http-nio-8084-exec-6] ERROR com.haihao.jfinal.SqlXmlPlugin-sql xml文件role.sql.xml的sql语句重复，sqlId = com.role.getPrivilegeById
2017-07-03 20:24:56.318 [http-nio-8084-exec-6] ERROR com.haihao.jfinal.SqlXmlPlugin-sql xml文件role.sql.xml的sql语句重复，sqlId = com.role.getAllPrivilege
2017-07-03 20:24:56.319 [http-nio-8084-exec-6] ERROR com.haihao.jfinal.SqlXmlPlugin-sql xml文件role.sql.xml的sql语句重复，sqlId = com.role.getAllPrivilegeMenu
2017-07-03 20:24:56.319 [http-nio-8084-exec-6] ERROR com.haihao.jfinal.SqlXmlPlugin-sql xml文件role.sql.xml的sql语句重复，sqlId = com.role.selectHearder
2017-07-03 20:24:56.319 [http-nio-8084-exec-6] ERROR com.haihao.jfinal.SqlXmlPlugin-sql xml文件role.sql.xml的sql语句重复，sqlId = com.role.selectBody
2017-07-03 20:24:56.321 [http-nio-8084-exec-6] ERROR com.haihao.jfinal.SqlXmlPlugin-sql xml文件user.sql.xml的sql语句重复，sqlId = com.user.getByLoginName
2017-07-03 20:24:56.321 [http-nio-8084-exec-6] ERROR com.haihao.jfinal.SqlXmlPlugin-sql xml文件user.sql.xml的sql语句重复，sqlId = com.user.selectAll
2017-07-03 20:24:56.321 [http-nio-8084-exec-6] ERROR com.haihao.jfinal.SqlXmlPlugin-sql xml文件user.sql.xml的sql语句重复，sqlId = com.user.selectHearder
2017-07-03 20:24:56.321 [http-nio-8084-exec-6] ERROR com.haihao.jfinal.SqlXmlPlugin-sql xml文件user.sql.xml的sql语句重复，sqlId = com.user.selectBody
2017-07-03 20:24:56.321 [http-nio-8084-exec-6] ERROR com.haihao.jfinal.SqlXmlPlugin-sql xml文件user.sql.xml的sql语句重复，sqlId = com.user.exist
2017-07-03 20:54:32.917 [http-nio-8084-exec-5] ERROR com.haihao.jfinal.SqlXmlPlugin-sql xml文件common.sql.xml的sql语句重复，sqlId = com.common.params
2017-07-03 20:54:32.917 [http-nio-8084-exec-5] ERROR com.haihao.jfinal.SqlXmlPlugin-sql xml文件common.sql.xml的sql语句重复，sqlId = com.common.search
2017-07-03 20:54:32.917 [http-nio-8084-exec-5] ERROR com.haihao.jfinal.SqlXmlPlugin-sql xml文件common.sql.xml的sql语句重复，sqlId = com.common.searchBySql
2017-07-03 20:54:32.917 [http-nio-8084-exec-5] ERROR com.haihao.jfinal.SqlXmlPlugin-sql xml文件common.sql.xml的sql语句重复，sqlId = com.common.aaaa
2017-07-03 20:54:32.919 [http-nio-8084-exec-5] ERROR com.haihao.jfinal.SqlXmlPlugin-sql xml文件department.sql.xml的sql语句重复，sqlId = com.department.selectAll
2017-07-03 20:54:32.919 [http-nio-8084-exec-5] ERROR com.haihao.jfinal.SqlXmlPlugin-sql xml文件department.sql.xml的sql语句重复，sqlId = com.department.selectHearder
2017-07-03 20:54:32.919 [http-nio-8084-exec-5] ERROR com.haihao.jfinal.SqlXmlPlugin-sql xml文件department.sql.xml的sql语句重复，sqlId = com.department.selectBody
2017-07-03 20:54:32.919 [http-nio-8084-exec-5] ERROR com.haihao.jfinal.SqlXmlPlugin-sql xml文件department.sql.xml的sql语句重复，sqlId = com.department.exist
2017-07-03 20:54:32.919 [http-nio-8084-exec-5] ERROR com.haihao.jfinal.SqlXmlPlugin-sql xml文件department.sql.xml的sql语句重复，sqlId = com.department.getMaxChildCodeByPid
2017-07-03 20:54:32.919 [http-nio-8084-exec-5] ERROR com.haihao.jfinal.SqlXmlPlugin-sql xml文件department.sql.xml的sql语句重复，sqlId = com.department.getSubDepartment
2017-07-03 20:54:32.920 [http-nio-8084-exec-5] ERROR com.haihao.jfinal.SqlXmlPlugin-sql xml文件label.sql.xml的sql语句重复，sqlId = com.label.role
2017-07-03 20:54:32.920 [http-nio-8084-exec-5] ERROR com.haihao.jfinal.SqlXmlPlugin-sql xml文件label.sql.xml的sql语句重复，sqlId = com.label.department
2017-07-03 20:54:32.921 [http-nio-8084-exec-5] ERROR com.haihao.jfinal.SqlXmlPlugin-sql xml文件label.sql.xml的sql语句重复，sqlId = com.label.list
2017-07-03 20:54:32.922 [http-nio-8084-exec-5] ERROR com.haihao.jfinal.SqlXmlPlugin-sql xml文件list.sql.xml的sql语句重复，sqlId = com.list.selectAll
2017-07-03 20:54:32.922 [http-nio-8084-exec-5] ERROR com.haihao.jfinal.SqlXmlPlugin-sql xml文件list.sql.xml的sql语句重复，sqlId = com.list.selectHearder
2017-07-03 20:54:32.922 [http-nio-8084-exec-5] ERROR com.haihao.jfinal.SqlXmlPlugin-sql xml文件list.sql.xml的sql语句重复，sqlId = com.list.selectBody
2017-07-03 20:54:32.923 [http-nio-8084-exec-5] ERROR com.haihao.jfinal.SqlXmlPlugin-sql xml文件opinion.sql.xml的sql语句重复，sqlId = com.opinion.selectHearder
2017-07-03 20:54:32.924 [http-nio-8084-exec-5] ERROR com.haihao.jfinal.SqlXmlPlugin-sql xml文件opinion.sql.xml的sql语句重复，sqlId = com.opinion.selectBody
2017-07-03 20:54:32.924 [http-nio-8084-exec-5] ERROR com.haihao.jfinal.SqlXmlPlugin-sql xml文件opinion.sql.xml的sql语句重复，sqlId = com.opinion.selectBodyByVerify
2017-07-03 20:54:32.924 [http-nio-8084-exec-5] ERROR com.haihao.jfinal.SqlXmlPlugin-sql xml文件opinion.sql.xml的sql语句重复，sqlId = com.opinion.selectBodyByTodo
2017-07-03 20:54:32.924 [http-nio-8084-exec-5] ERROR com.haihao.jfinal.SqlXmlPlugin-sql xml文件opinion.sql.xml的sql语句重复，sqlId = com.opinion.selectFollowByOpinionId
2017-07-03 20:54:32.924 [http-nio-8084-exec-5] ERROR com.haihao.jfinal.SqlXmlPlugin-sql xml文件opinion.sql.xml的sql语句重复，sqlId = com.opinion.selectToDoByOpinionId
2017-07-03 20:54:32.924 [http-nio-8084-exec-5] ERROR com.haihao.jfinal.SqlXmlPlugin-sql xml文件opinion.sql.xml的sql语句重复，sqlId = com.opinion.selectInstructionOpinionId
2017-07-03 20:54:32.924 [http-nio-8084-exec-5] ERROR com.haihao.jfinal.SqlXmlPlugin-sql xml文件opinion.sql.xml的sql语句重复，sqlId = com.opinion.selectBodyByInstruction
2017-07-03 20:54:32.925 [http-nio-8084-exec-5] ERROR com.haihao.jfinal.SqlXmlPlugin-sql xml文件role.sql.xml的sql语句重复，sqlId = com.role.getPrivilegeById
2017-07-03 20:54:32.926 [http-nio-8084-exec-5] ERROR com.haihao.jfinal.SqlXmlPlugin-sql xml文件role.sql.xml的sql语句重复，sqlId = com.role.getAllPrivilege
2017-07-03 20:54:32.926 [http-nio-8084-exec-5] ERROR com.haihao.jfinal.SqlXmlPlugin-sql xml文件role.sql.xml的sql语句重复，sqlId = com.role.getAllPrivilegeMenu
2017-07-03 20:54:32.926 [http-nio-8084-exec-5] ERROR com.haihao.jfinal.SqlXmlPlugin-sql xml文件role.sql.xml的sql语句重复，sqlId = com.role.selectHearder
2017-07-03 20:54:32.926 [http-nio-8084-exec-5] ERROR com.haihao.jfinal.SqlXmlPlugin-sql xml文件role.sql.xml的sql语句重复，sqlId = com.role.selectBody
2017-07-03 20:54:32.927 [http-nio-8084-exec-5] ERROR com.haihao.jfinal.SqlXmlPlugin-sql xml文件user.sql.xml的sql语句重复，sqlId = com.user.getByLoginName
2017-07-03 20:54:32.928 [http-nio-8084-exec-5] ERROR com.haihao.jfinal.SqlXmlPlugin-sql xml文件user.sql.xml的sql语句重复，sqlId = com.user.selectAll
2017-07-03 20:54:32.928 [http-nio-8084-exec-5] ERROR com.haihao.jfinal.SqlXmlPlugin-sql xml文件user.sql.xml的sql语句重复，sqlId = com.user.selectHearder
2017-07-03 20:54:32.928 [http-nio-8084-exec-5] ERROR com.haihao.jfinal.SqlXmlPlugin-sql xml文件user.sql.xml的sql语句重复，sqlId = com.user.selectBody
2017-07-03 20:54:32.928 [http-nio-8084-exec-5] ERROR com.haihao.jfinal.SqlXmlPlugin-sql xml文件user.sql.xml的sql语句重复，sqlId = com.user.exist
