2017-08-02 10:09:41.883 [http-nio-8084-exec-3] WARN  org.springframework.web.servlet.PageNotFound-No mapping found for HTTP request with URI [/phoneui/ajaxReguser] in DispatcherServlet with name 'dispatcherServlet'
2017-08-02 10:10:12.348 [http-nio-8084-exec-8] WARN  org.springframework.web.servlet.PageNotFound-No mapping found for HTTP request with URI [/phoneui/ajaxReguser] in DispatcherServlet with name 'dispatcherServlet'
2017-08-02 10:10:14.149 [http-nio-8084-exec-5] WARN  org.springframework.web.servlet.PageNotFound-No mapping found for HTTP request with URI [/phoneui/ajaxReguser] in DispatcherServlet with name 'dispatcherServlet'
2017-08-02 10:11:12.571 [http-nio-8084-exec-4] WARN  org.springframework.web.servlet.PageNotFound-No mapping found for HTTP request with URI [/phoneui/ajaxReguser] in DispatcherServlet with name 'dispatcherServlet'
2017-08-02 10:11:13.452 [http-nio-8084-exec-3] WARN  org.springframework.web.servlet.PageNotFound-No mapping found for HTTP request with URI [/phoneui/ajaxReguser] in DispatcherServlet with name 'dispatcherServlet'
2017-08-02 10:11:13.612 [http-nio-8084-exec-1] WARN  org.springframework.web.servlet.PageNotFound-No mapping found for HTTP request with URI [/phoneui/ajaxReguser] in DispatcherServlet with name 'dispatcherServlet'
2017-08-02 10:11:13.757 [http-nio-8084-exec-6] WARN  org.springframework.web.servlet.PageNotFound-No mapping found for HTTP request with URI [/phoneui/ajaxReguser] in DispatcherServlet with name 'dispatcherServlet'
2017-08-02 10:11:13.908 [http-nio-8084-exec-5] WARN  org.springframework.web.servlet.PageNotFound-No mapping found for HTTP request with URI [/phoneui/ajaxReguser] in DispatcherServlet with name 'dispatcherServlet'
2017-08-02 10:11:14.058 [http-nio-8084-exec-9] WARN  org.springframework.web.servlet.PageNotFound-No mapping found for HTTP request with URI [/phoneui/ajaxReguser] in DispatcherServlet with name 'dispatcherServlet'
2017-08-02 10:11:14.206 [http-nio-8084-exec-7] WARN  org.springframework.web.servlet.PageNotFound-No mapping found for HTTP request with URI [/phoneui/ajaxReguser] in DispatcherServlet with name 'dispatcherServlet'
2017-08-02 10:56:49.965 [main] WARN  org.beetl.ext.spring.BeetlSpringViewResolver-Beetl不建议使用使用spring前缀，会导致include,layout找不到对应的模板，请使用beetl的配置RESOURCE.ROOT来配置模板根目录
2017-08-02 10:56:50.775 [main] WARN  o.s.boot.starter.redis.RedisStarterDeprecationWarningAutoConfiguration-spring-boot-starter-redis is deprecated as of Spring Boot 1.4, please migrate to spring-boot-starter-data-redis
2017-08-02 11:06:22.615 [main] WARN  org.beetl.ext.spring.BeetlSpringViewResolver-Beetl不建议使用使用spring前缀，会导致include,layout找不到对应的模板，请使用beetl的配置RESOURCE.ROOT来配置模板根目录
2017-08-02 11:06:23.438 [main] WARN  o.s.boot.starter.redis.RedisStarterDeprecationWarningAutoConfiguration-spring-boot-starter-redis is deprecated as of Spring Boot 1.4, please migrate to spring-boot-starter-data-redis
2017-08-02 11:14:40.611 [main] WARN  org.beetl.ext.spring.BeetlSpringViewResolver-Beetl不建议使用使用spring前缀，会导致include,layout找不到对应的模板，请使用beetl的配置RESOURCE.ROOT来配置模板根目录
2017-08-02 11:14:41.442 [main] WARN  o.s.boot.starter.redis.RedisStarterDeprecationWarningAutoConfiguration-spring-boot-starter-redis is deprecated as of Spring Boot 1.4, please migrate to spring-boot-starter-data-redis
2017-08-02 11:15:08.970 [http-nio-8084-exec-1] WARN  org.springframework.web.servlet.PageNotFound-No mapping found for HTTP request with URI [/phoneui/reg] in DispatcherServlet with name 'dispatcherServlet'
2017-08-02 11:32:37.040 [main] WARN  org.beetl.ext.spring.BeetlSpringViewResolver-Beetl不建议使用使用spring前缀，会导致include,layout找不到对应的模板，请使用beetl的配置RESOURCE.ROOT来配置模板根目录
2017-08-02 11:32:37.877 [main] WARN  o.s.boot.starter.redis.RedisStarterDeprecationWarningAutoConfiguration-spring-boot-starter-redis is deprecated as of Spring Boot 1.4, please migrate to spring-boot-starter-data-redis
2017-08-02 11:55:17.748 [main] WARN  org.beetl.ext.spring.BeetlSpringViewResolver-Beetl不建议使用使用spring前缀，会导致include,layout找不到对应的模板，请使用beetl的配置RESOURCE.ROOT来配置模板根目录
2017-08-02 11:55:18.678 [main] WARN  o.s.boot.starter.redis.RedisStarterDeprecationWarningAutoConfiguration-spring-boot-starter-redis is deprecated as of Spring Boot 1.4, please migrate to spring-boot-starter-data-redis
2017-08-02 11:57:37.474 [http-nio-8084-exec-9] WARN  org.springframework.web.servlet.PageNotFound-No mapping found for HTTP request with URI [/favicon.ico] in DispatcherServlet with name 'dispatcherServlet'
2017-08-02 12:00:37.540 [main] WARN  org.beetl.ext.spring.BeetlSpringViewResolver-Beetl不建议使用使用spring前缀，会导致include,layout找不到对应的模板，请使用beetl的配置RESOURCE.ROOT来配置模板根目录
2017-08-02 12:00:38.405 [main] WARN  o.s.boot.starter.redis.RedisStarterDeprecationWarningAutoConfiguration-spring-boot-starter-redis is deprecated as of Spring Boot 1.4, please migrate to spring-boot-starter-data-redis
2017-08-02 12:02:56.971 [main] WARN  org.beetl.ext.spring.BeetlSpringViewResolver-Beetl不建议使用使用spring前缀，会导致include,layout找不到对应的模板，请使用beetl的配置RESOURCE.ROOT来配置模板根目录
2017-08-02 12:02:57.725 [main] WARN  o.s.boot.starter.redis.RedisStarterDeprecationWarningAutoConfiguration-spring-boot-starter-redis is deprecated as of Spring Boot 1.4, please migrate to spring-boot-starter-data-redis
2017-08-02 13:49:19.144 [main] WARN  org.beetl.ext.spring.BeetlSpringViewResolver-Beetl不建议使用使用spring前缀，会导致include,layout找不到对应的模板，请使用beetl的配置RESOURCE.ROOT来配置模板根目录
2017-08-02 13:49:19.960 [main] WARN  o.s.boot.starter.redis.RedisStarterDeprecationWarningAutoConfiguration-spring-boot-starter-redis is deprecated as of Spring Boot 1.4, please migrate to spring-boot-starter-data-redis
2017-08-02 13:53:57.946 [http-nio-8084-exec-5] WARN  org.springframework.web.servlet.PageNotFound-No mapping found for HTTP request with URI [/regusermanage] in DispatcherServlet with name 'dispatcherServlet'
2017-08-02 13:56:08.642 [http-nio-8084-exec-6] WARN  org.springframework.web.servlet.PageNotFound-No mapping found for HTTP request with URI [/reguser/listregUser] in DispatcherServlet with name 'dispatcherServlet'
2017-08-02 13:56:13.884 [http-nio-8084-exec-3] WARN  org.springframework.web.servlet.PageNotFound-No mapping found for HTTP request with URI [/reguser/listregUser] in DispatcherServlet with name 'dispatcherServlet'
2017-08-02 13:56:29.071 [http-nio-8084-exec-10] WARN  org.springframework.web.servlet.PageNotFound-No mapping found for HTTP request with URI [/reguser/listregUser] in DispatcherServlet with name 'dispatcherServlet'
2017-08-02 13:56:29.122 [http-nio-8084-exec-6] WARN  org.springframework.web.servlet.PageNotFound-No mapping found for HTTP request with URI [/favicon.ico] in DispatcherServlet with name 'dispatcherServlet'
2017-08-02 13:56:41.588 [main] WARN  org.beetl.ext.spring.BeetlSpringViewResolver-Beetl不建议使用使用spring前缀，会导致include,layout找不到对应的模板，请使用beetl的配置RESOURCE.ROOT来配置模板根目录
2017-08-02 13:56:42.409 [main] WARN  o.s.boot.starter.redis.RedisStarterDeprecationWarningAutoConfiguration-spring-boot-starter-redis is deprecated as of Spring Boot 1.4, please migrate to spring-boot-starter-data-redis
2017-08-02 14:12:00.302 [main] WARN  org.beetl.ext.spring.BeetlSpringViewResolver-Beetl不建议使用使用spring前缀，会导致include,layout找不到对应的模板，请使用beetl的配置RESOURCE.ROOT来配置模板根目录
2017-08-02 14:12:01.142 [main] WARN  o.s.boot.starter.redis.RedisStarterDeprecationWarningAutoConfiguration-spring-boot-starter-redis is deprecated as of Spring Boot 1.4, please migrate to spring-boot-starter-data-redis
2017-08-02 14:12:34.721 [http-nio-8084-exec-6] WARN  org.springframework.web.servlet.PageNotFound-No mapping found for HTTP request with URI [/reguser/ajaxregsaveUser] in DispatcherServlet with name 'dispatcherServlet'
2017-08-02 14:27:41.035 [main] WARN  org.beetl.ext.spring.BeetlSpringViewResolver-Beetl不建议使用使用spring前缀，会导致include,layout找不到对应的模板，请使用beetl的配置RESOURCE.ROOT来配置模板根目录
2017-08-02 14:27:41.802 [main] WARN  o.s.boot.starter.redis.RedisStarterDeprecationWarningAutoConfiguration-spring-boot-starter-redis is deprecated as of Spring Boot 1.4, please migrate to spring-boot-starter-data-redis
2017-08-02 14:29:26.563 [main] WARN  org.beetl.ext.spring.BeetlSpringViewResolver-Beetl不建议使用使用spring前缀，会导致include,layout找不到对应的模板，请使用beetl的配置RESOURCE.ROOT来配置模板根目录
2017-08-02 14:29:27.491 [main] WARN  o.s.boot.starter.redis.RedisStarterDeprecationWarningAutoConfiguration-spring-boot-starter-redis is deprecated as of Spring Boot 1.4, please migrate to spring-boot-starter-data-redis
2017-08-02 14:37:48.920 [main] WARN  org.beetl.ext.spring.BeetlSpringViewResolver-Beetl不建议使用使用spring前缀，会导致include,layout找不到对应的模板，请使用beetl的配置RESOURCE.ROOT来配置模板根目录
2017-08-02 14:37:49.806 [main] WARN  o.s.boot.starter.redis.RedisStarterDeprecationWarningAutoConfiguration-spring-boot-starter-redis is deprecated as of Spring Boot 1.4, please migrate to spring-boot-starter-data-redis
2017-08-02 14:47:11.527 [http-nio-8084-exec-6] WARN  org.springframework.web.servlet.PageNotFound-No mapping found for HTTP request with URI [/favicon.ico] in DispatcherServlet with name 'dispatcherServlet'
